[2015-07-08 14:18:53.742] [ERROR] nomel - GET /bower_components/bootstrap/dist/css/bootstrap.min.css
[2015-07-08 14:18:53.747] [ERROR] nomel - GET /bower_components/bootstrap/dist/css/bootstrap-theme.min.css
[2015-07-08 14:18:53.840] [ERROR] nomel - GET /common/images/favicon.ico
[2015-07-08 14:18:56.193] [ERROR] nomel - GET /bower_components/bootstrap/dist/css/bootstrap.min.css
[2015-07-08 14:18:56.199] [ERROR] nomel - GET /bower_components/bootstrap/dist/css/bootstrap-theme.min.css
[2015-07-08 14:19:05.072] [ERROR] nomel - GET /bower_components/bootstrap/dist/css/bootstrap.min.css
[2015-07-08 14:19:05.075] [ERROR] nomel - GET /bower_components/bootstrap/dist/css/bootstrap-theme.min.css
[2015-07-08 14:22:13.204] [ERROR] nomel - GET /bower_components/bootstrap/dist/css/bootstrap.min.css
[2015-07-08 14:22:13.208] [ERROR] nomel - GET /bower_components/bootstrap/dist/css/bootstrap-theme.min.css
[2015-07-08 14:22:13.794] [ERROR] nomel - GET /bower_components/bootstrap/dist/css/bootstrap.min.css
[2015-07-08 14:22:13.798] [ERROR] nomel - GET /bower_components/bootstrap/dist/css/bootstrap-theme.min.css
[2015-07-08 15:32:15.262] [ERROR] nomel - GET /bootstrap/dist/css/bootstrap.min.css
[2015-07-08 15:32:15.272] [ERROR] nomel - GET /bootstrap/dist/css/bootstrap-theme.min.css
[2015-07-08 15:32:19.186] [ERROR] nomel - GET /bootstrap/dist/css/bootstrap.min.css
[2015-07-08 15:32:19.190] [ERROR] nomel - GET /bootstrap/dist/css/bootstrap-theme.min.css
[2015-07-08 15:32:21.235] [ERROR] nomel - GET /bootstrap/dist/css/bootstrap.min.css
[2015-07-08 15:32:21.254] [ERROR] nomel - GET /bootstrap/dist/css/bootstrap-theme.min.css
[2015-07-08 17:44:08.864] [ERROR] nomel - GET /home
[2015-07-09 09:09:57.839] [ERROR] nomel - GET /home
[2015-07-09 09:10:28.004] [ERROR] nomel - GET /home
[2015-07-09 09:45:18.813] [ERROR] nomel - GET /home
[2015-07-09 09:50:45.102] [ERROR] nomel - GET /home
[2015-07-09 09:51:05.493] [ERROR] nomel - GET /home
[2015-07-09 09:52:19.907] [ERROR] nomel - GET /home
[2015-07-09 09:53:06.203] [ERROR] nomel - GET /home
[2015-07-09 09:53:07.241] [ERROR] nomel - GET /home
[2015-07-09 09:54:43.637] [ERROR] nomel - GET /logon
[2015-07-09 09:57:47.866] [ERROR] nomel - GET /home
[2015-07-09 10:43:55.049] [ERROR] nomel - GET /home.html
[2015-07-09 10:48:40.777] [ERROR] nomel - GET /home.html
[2015-07-09 10:50:01.944] [ERROR] nomel - GET /login/login.html
[2015-07-09 10:50:14.497] [ERROR] nomel - GET /views/login/login.html
[2015-07-09 10:50:22.451] [ERROR] nomel - GET /login/login.html
[2015-07-09 16:15:41.400] [ERROR] nomel - GET /found/found.html
[2015-07-09 16:15:42.894] [ERROR] nomel - GET /found/found.html
[2015-07-09 16:15:43.158] [ERROR] nomel - GET /found/found.html
[2015-07-09 16:15:43.292] [ERROR] nomel - GET /found/found.html
[2015-07-09 16:15:43.432] [ERROR] nomel - GET /found/found.html
[2015-07-09 16:16:18.505] [ERROR] nomel - GET /found/found
[2015-07-09 16:19:28.411] [ERROR] nomel - GET /found/found.html
[2015-07-09 16:19:40.352] [ERROR] nomel - GET /found/found
[2015-07-09 16:20:56.173] [ERROR] nomel - GET /found/found
[2015-07-09 16:20:56.472] [ERROR] nomel - GET /found/found
[2015-07-09 16:21:51.126] [ERROR] nomel - GET /guanzhu
[2015-07-09 16:21:52.223] [ERROR] nomel - GET /guanzhu
[2015-07-09 16:21:53.310] [ERROR] nomel - GET /guanzhu
[2015-07-09 16:22:21.594] [ERROR] nomel - GET /guanzhu
